<?xml version="1.0" encoding="UTF-8"?>
<!-- Generated by org.testng.reporters.JUnitReportReporter -->
<testsuite hostname="DESKTOP-NBIKP70" failures="0" tests="3" name="example.NewTest" time="2.262" errors="0" timestamp="2023-02-13T15:44:41 EET" skipped="0">
  <testcase classname="example.NewTest" name="testExchangeRatesContainsGBP_USD" time="1.387"/>
  <system-out/>
  <testcase classname="example.NewTest" name="testExchangeRatesGreaterThan20" time="0.438"/>
  <system-out/>
  <testcase classname="example.NewTest" name="testNumberOfElementsAndRateAbbreviations" time="0.437"/>
  <system-out/>
</testsuite> <!-- example.NewTest -->
